<?xml version="1.0" ?><testsuite name="edu.umb.cs680.hw07.DirectoryTest" time="0.154" timestamp="2023-09-09T03:45:38" tests="7" failures="0" skipped="0" aborted="0"><properties><property name="file.encoding.pkg" value="sun.io"></property><property name="ivy.retrieve.pattern.ivy.instance" value="C:\Users\yagna\Downloads\code\CS680\proxy_design_pattern/lib/[artifact]-[revision](-[classifier]).[ext]"></property><property name="java.vendor.url.ivy.instance" value="http://java.oracle.com/"></property><property name="ivy.local.default.ivy.pattern.ivy.instance" value="[organisation]/[module]/[revision]/[type]s/[artifact].[ext]"></property><property name="ivy.project.dir.ivy.instance" value="C:\Users\yagna\Downloads\code\CS680\proxy_design_pattern"></property><property name="ivy.resolve.default.type.filter" value="*"></property><property name="java.home" value="C:\Program Files\Java\jdk1.8.0_211\jre"></property><property name="ivy.configurations.ivy.instance" value="*"></property><property name="ivy.basedir.ivy.instance" value="C:\Users\yagna\Downloads\code\CS680\proxy_design_pattern"></property><property name="ivy.dep.file.ivy.instance" value="ivy.xml"></property><property name="java.endorsed.dirs" value="C:\Program Files\Java\jdk1.8.0_211\jre\lib\endorsed"></property><property name="java.class.path.ivy.instance" value="C:\Users\yagna\apache-ant-1.10.12\lib\ant-launcher.jar;C:\Users\yagna\Downloads\code\CS680\proxy_design_pattern\.\;C:\Users\yagna\apache-ant-1.10.12\lib\ant-antlr.jar;C:\Users\yagna\apache-ant-1.10.12\lib\ant-apache-bcel.jar;C:\Users\yagna\apache-ant-1.10.12\lib\ant-apache-bsf.jar;C:\Users\yagna\apache-ant-1.10.12\lib\ant-apache-log4j.jar;C:\Users\yagna\apache-ant-1.10.12\lib\ant-apache-oro.jar;C:\Users\yagna\apache-ant-1.10.12\lib\ant-apache-regexp.jar;C:\Users\yagna\apache-ant-1.10.12\lib\ant-apache-resolver.jar;C:\Users\yagna\apache-ant-1.10.12\lib\ant-apache-xalan2.jar;C:\Users\yagna\apache-ant-1.10.12\lib\ant-commons-logging.jar;C:\Users\yagna\apache-ant-1.10.12\lib\ant-commons-net.jar;C:\Users\yagna\apache-ant-1.10.12\lib\ant-imageio.jar;C:\Users\yagna\apache-ant-1.10.12\lib\ant-jai.jar;C:\Users\yagna\apache-ant-1.10.12\lib\ant-javamail.jar;C:\Users\yagna\apache-ant-1.10.12\lib\ant-jdepend.jar;C:\Users\yagna\apache-ant-1.10.12\lib\ant-jmf.jar;C:\Users\yagna\apache-ant-1.10.12\lib\ant-jsch.jar;C:\Users\yagna\apache-ant-1.10.12\lib\ant-junit.jar;C:\Users\yagna\apache-ant-1.10.12\lib\ant-junit4.jar;C:\Users\yagna\apache-ant-1.10.12\lib\ant-junitlauncher.jar;C:\Users\yagna\apache-ant-1.10.12\lib\ant-launcher.jar;C:\Users\yagna\apache-ant-1.10.12\lib\ant-netrexx.jar;C:\Users\yagna\apache-ant-1.10.12\lib\ant-swing.jar;C:\Users\yagna\apache-ant-1.10.12\lib\ant-testutil.jar;C:\Users\yagna\apache-ant-1.10.12\lib\ant-xz.jar;C:\Users\yagna\apache-ant-1.10.12\lib\ant.jar;C:\Users\yagna\apache-ant-1.10.12\lib\ivy-2.5.0.jar;C:\Program Files\Java\jdk1.8.0_211\lib\tools.jar"></property><property name="ivy.home" value="C:\Users\yagna\.ivy2"></property><property name="java.vm.specification.vendor.ivy.instance" value="Oracle Corporation"></property><property name="ivy.lib" value="lib"></property><property name="sun.os.patch.level" value=""></property><property name="ivy.dep.file" value="ivy.xml"></property><property name="java.vendor.url" value="http://java.oracle.com/"></property><property name="ivy.local.default.artifact.pattern.ivy.instance" value="[organisation]/[module]/[revision]/[type]s/[artifact].[ext]"></property><property name="ivy.lib.dir.ivy.instance" value="C:\Users\yagna\Downloads\code\CS680\proxy_design_pattern/lib"></property><property name="java.version" value="1.8.0_211"></property><property name="sun.stdout.encoding" value="cp437"></property><property name="ivy.conf.dir.ivy.instance" value="jar:file:/C:/Users/yagna/apache-ant-1.10.12/lib/ivy-2.5.0.jar!/org/apache/ivy/core/settings"></property><property name="sun.boot.library.path.ivy.instance" value="C:\Program Files\Java\jdk1.8.0_211\jre\bin"></property><property name="ivy.report.output.pattern.ivy.instance" value="[organisation]-[module]-[conf].[ext]"></property><property name="ivy.module" value="junit5"></property><property name="ivy.publish.src.artifacts.pattern.ivy.instance" value="C:\Users\yagna\Downloads\code\CS680\proxy_design_pattern/distrib/[type]s/[artifact]-[revision](-[classifier]).[ext]"></property><property name="java.vendor.url.bug" value="http://bugreport.sun.com/bugreport/"></property><property name="sun.management.compiler.ivy.instance" value="HotSpot 64-Bit Tiered Compilers"></property><property name="ant.project.invoked-targets" value="clean"></property><property name="ivy.local.default.artifact.pattern" value="[organisation]/[module]/[revision]/[type]s/[artifact].[ext]"></property><property name="os.name.ivy.instance" value="Windows 10"></property><property name="ivy.default.ivy.user.dir.ivy.instance" value="C:\Users\yagna\.ivy2"></property><property name="classname" value="FileSystem"></property><property name="ivy.default.always.check.exact.revision" value="false"></property><property name="ivy.default.settings.dir.ivy.instance" value="jar:file:/C:/Users/yagna/apache-ant-1.10.12/lib/ivy-2.5.0.jar!/org/apache/ivy/core/settings"></property><property name="user.name" value="yagna"></property><property name="sun.io.unicode.encoding" value="UnicodeLittle"></property><property name="ivy.shared.default.root.ivy.instance" value="C:\Users\yagna\.ivy2/shared"></property><property name="sun.jnu.encoding" value="Cp1252"></property><property name="java.runtime.name" value="Java(TM) SE Runtime Environment"></property><property name="ant.home.ivy.instance" value="C:\Users\yagna\apache-ant-1.10.12"></property><property name="file.encoding.ivy.instance" value="Cp1252"></property><property name="ivy.cache.ttl.default.ivy.instance" value="10s"></property><property name="java.specification.vendor.ivy.instance" value="Oracle Corporation"></property><property name="java.vendor.ivy.instance" value="Oracle Corporation"></property><property name="sun.cpu.isalist.ivy.instance" value="amd64"></property><property name="java.specification.name" value="Java Platform API Specification"></property><property name="user.timezone" value=""></property><property name="java.endorsed.dirs.ivy.instance" value="C:\Program Files\Java\jdk1.8.0_211\jre\lib\endorsed"></property><property name="user.script" value=""></property><property name="path.separator" value=";"></property><property name="java.class.version.ivy.instance" value="52.0"></property><property name="ivy.default.conf.dir" value="jar:file:/C:/Users/yagna/apache-ant-1.10.12/lib/ivy-2.5.0.jar!/org/apache/ivy/core/settings"></property><property name="file.encoding" value="Cp1252"></property><property name="java.runtime.name.ivy.instance" value="Java(TM) SE Runtime Environment"></property><property name="ivy.resolve.default.type.filter.ivy.instance" value="*"></property><property name="ant.project.default-target" value="clean"></property><property name="ivy.targets.copied" value="false"></property><property name="ivy.parents.count" value="0"></property><property name="sun.java.command" value="org.apache.tools.ant.launch.Launcher -cp .; -f .\hw07.xml"></property><property name="ivy.shared.default.artifact.pattern" value="[organisation]/[module]/[revision]/[type]s/[artifact].[ext]"></property><property name="ant.file" value="C:\Users\yagna\Downloads\code\CS680\proxy_design_pattern\hw07.xml"></property><property name="ivy.distrib.dir.ivy.instance" value="C:\Users\yagna\Downloads\code\CS680\proxy_design_pattern/distrib"></property><property name="ivy.checksums.ivy.instance" value="sha1,md5"></property><property name="sun.arch.data.model.ivy.instance" value="64"></property><property name="ivy.build.artifacts.dir.ivy.instance" value="C:\Users\yagna\Downloads\code\CS680\proxy_design_pattern/build/artifacts"></property><property name="user.variant.ivy.instance" value=""></property><property name="ivy.settings.file" value="ivysettings.xml"></property><property name="java.io.tmpdir" value="C:\Users\yagna\AppData\Local\Temp\"></property><property name="ivy.buildlist.ivyfilepath.ivy.instance" value="ivy.xml"></property><property name="bin" value="bin"></property><property name="ivy.cache.ttl.default" value="10s"></property><property name="user.language" value="en"></property><property name="user.dir.ivy.instance" value="C:\Users\yagna\Downloads\code\CS680\proxy_design_pattern"></property><property name="ivy.home.ivy.instance" value="C:\Users\yagna\.ivy2"></property><property name="line.separator" value="
"></property><property name="java.specification.version.ivy.instance" value="1.8"></property><property name="ant.file.type" value="file"></property><property name="ivy.build.artifacts.dir" value="C:\Users\yagna\Downloads\code\CS680\proxy_design_pattern/build/artifacts"></property><property name="ivy.settings.dir.url" value="jar:file:/C:/Users/yagna/apache-ant-1.10.12/lib/ivy-2.5.0.jar!/org/apache/ivy/core/settings"></property><property name="sun.io.unicode.encoding.ivy.instance" value="UnicodeLittle"></property><property name="ivy.status" value="integration"></property><property name="java.vm.info" value="mixed mode"></property><property name="ivy.lib.dir" value="C:\Users\yagna\Downloads\code\CS680\proxy_design_pattern/lib"></property><property name="sun.desktop" value="windows"></property><property name="java.vm.specification.name" value="Java Virtual Machine Specification"></property><property name="ivy.default.conf.dir.ivy.instance" value="jar:file:/C:/Users/yagna/apache-ant-1.10.12/lib/ivy-2.5.0.jar!/org/apache/ivy/core/settings"></property><property name="java.vm.version.ivy.instance" value="25.211-b12"></property><property name="user.name.ivy.instance" value="yagna"></property><property name="ivy.cache.dir" value="C:\Users\yagna\.ivy2\cache"></property><property name="java.awt.printerjob" value="sun.awt.windows.WPrinterJob"></property><property name="java.io.tmpdir.ivy.instance" value="C:\Users\yagna\AppData\Local\Temp\"></property><property name="ant.version" value="Apache Ant(TM) version 1.10.12 compiled on October 13 2021"></property><property name="java.home.ivy.instance" value="C:\Program Files\Java\jdk1.8.0_211\jre"></property><property name="java.vm.vendor.ivy.instance" value="Oracle Corporation"></property><property name="ant.file.FileSystem" value="C:\Users\yagna\Downloads\code\CS680\proxy_design_pattern\hw07.xml"></property><property name="user.script.ivy.instance" value=""></property><property name="ivy.default.settings.dir" value="jar:file:/C:/Users/yagna/apache-ant-1.10.12/lib/ivy-2.5.0.jar!/org/apache/ivy/core/settings"></property><property name="ivy.configurations" value="*"></property><property name="ivy.settings.url" value="jar:file:/C:/Users/yagna/apache-ant-1.10.12/lib/ivy-2.5.0.jar!/org/apache/ivy/core/settings/ivysettings.xml"></property><property name="os.name" value="Windows 10"></property><property name="java.specification.vendor" value="Oracle Corporation"></property><property name="sun.jnu.encoding.ivy.instance" value="Cp1252"></property><property name="ivy.deliver.ivy.pattern.ivy.instance" value="C:\Users\yagna\Downloads\code\CS680\proxy_design_pattern/distrib/[type]s/[artifact]-[revision](-[classifier]).[ext]"></property><property name="ivy.checksums" value="sha1,md5"></property><property name="java.vm.name" value="Java HotSpot(TM) 64-Bit Server VM"></property><property name="ivy.log.modules.in.use" value="false"></property><property name="java.runtime.version.ivy.instance" value="1.8.0_211-b12"></property><property name="ivy.report.output.pattern" value="[organisation]-[module]-[conf].[ext]"></property><property name="ivy.version" value="2.5.0"></property><property name="java.library.path" value="C:\Program Files\Java\jdk1.8.0_211\bin;C:\WINDOWS\Sun\Java\bin;C:\WINDOWS\system32;C:\WINDOWS;C:\Ruby32-x64\bin;C:\Users\yagna\AppData\Local\Programs\Python\Python310;C:\Users\yagna\AppData\Local\Programs\Python\Python310\Scripts;C:\Program Files\Common Files\Oracle\Java\javapath;C:\WINDOWS\system32;C:\WINDOWS;C:\WINDOWS\System32\Wbem;C:\WINDOWS\System32\WindowsPowerShell\v1.0\;C:\WINDOWS\System32\OpenSSH\;C:\Program Files\Git\cmd;C:\Program Files\Java\jdk1.8.0_211\bin;C:\Users\yagna\apache-ant-1.10.12\bin;C:\Program Files\PuTTY\;C:\ProgramData\chocolatey\bin;C:\Program Files\Java\jdk1.8.0_211\bin;C:\Program Files (x86)\Yarn\bin\;C:\Users\yagna\AppData\Roaming\nvm;C:\Program Files\nodejs;C:\Program Files (x86)\Microsoft SQL Server\160\DTS\Binn\;C:\Program Files\Azure Data Studio\bin;C:\Program Files\Microsoft SQL Server\150\Tools\Binn\;C:\Program Files\Microsoft SQL Server\Client SDK\ODBC\170\Tools\Binn\;C:\Program Files\dotnet\;;C:\Program Files\Docker\Docker\resources\bin;C:\Users\yagna\AppData\Local\Programs\Python\Python310\Scripts\;C:\Users\yagna\AppData\Local\Programs\Python\Python310\;C:\Program Files\MySQL\MySQL Shell 8.0\bin\;C:\Users\yagna\AppData\Local\Microsoft\WindowsApps;C:\Program Files\JetBrains\IntelliJ IDEA Community Edition 2022.2.2\bin;;C:\Program Files\JetBrains\PyCharm Community Edition 2022.2.2\bin;;C:\Users\yagna\AppData\Roaming\npm;C:\Program Files (x86)\Yarn\bin;C:\Users\yagna\AppData\Local\Yarn\bin;C:\Users\yagna\AppData\Local\Android\Sdk\platform-tools;C:\Users\yagna\AppData\Roaming\nvm;C:\Program Files\nodejs;C:\Users\yagna\AppData\Local\Programs\Microsoft VS Code\bin;C:\Program Files\Azure Data Studio\bin;C:\Users\yagna\.dotnet\tools;C:\Users\yagna\AppData\Local\Programs\MiKTeX\miktex\bin\x64\;."></property><property name="ivy.conf.url" value="jar:file:/C:/Users/yagna/apache-ant-1.10.12/lib/ivy-2.5.0.jar!/org/apache/ivy/core/settings/ivysettings.xml"></property><property name="java.vm.name.ivy.instance" value="Java HotSpot(TM) 64-Bit Server VM"></property><property name="os.version.ivy.instance" value="10.0"></property><property name="line.separator.ivy.instance" value="
"></property><property name="ant.java.version" value="1.8"></property><property name="sun.desktop.ivy.instance" value="windows"></property><property name="sun.cpu.endian.ivy.instance" value="little"></property><property name="java.vm.specification.name.ivy.instance" value="Java Virtual Machine Specification"></property><property name="basedir" value="C:\Users\yagna\Downloads\code\CS680\proxy_design_pattern"></property><property name="java.class.version" value="52.0"></property><property name="ivy.settings.url.ivy.instance" value="jar:file:/C:/Users/yagna/apache-ant-1.10.12/lib/ivy-2.5.0.jar!/org/apache/ivy/core/settings/ivysettings.xml"></property><property name="path.separator.ivy.instance" value=";"></property><property name="sun.boot.class.path.ivy.instance" value="C:\Program Files\Java\jdk1.8.0_211\jre\lib\resources.jar;C:\Program Files\Java\jdk1.8.0_211\jre\lib\rt.jar;C:\Program Files\Java\jdk1.8.0_211\jre\lib\sunrsasign.jar;C:\Program Files\Java\jdk1.8.0_211\jre\lib\jsse.jar;C:\Program Files\Java\jdk1.8.0_211\jre\lib\jce.jar;C:\Program Files\Java\jdk1.8.0_211\jre\lib\charsets.jar;C:\Program Files\Java\jdk1.8.0_211\jre\lib\jfr.jar;C:\Program Files\Java\jdk1.8.0_211\jre\classes"></property><property name="ant.home" value="C:\Users\yagna\apache-ant-1.10.12"></property><property name="bin.test" value="test/bin"></property><property name="ivy.resolved.configurations" value="default"></property><property name="ivy.deliver.ivy.pattern" value="C:\Users\yagna\Downloads\code\CS680\proxy_design_pattern/distrib/[type]s/[artifact]-[revision](-[classifier]).[ext]"></property><property name="sun.boot.library.path" value="C:\Program Files\Java\jdk1.8.0_211\jre\bin"></property><property name="ivy.default.always.check.exact.revision.ivy.instance" value="false"></property><property name="java.library.path.ivy.instance" value="C:\Program Files\Java\jdk1.8.0_211\bin;C:\WINDOWS\Sun\Java\bin;C:\WINDOWS\system32;C:\WINDOWS;C:\Ruby32-x64\bin;C:\Users\yagna\AppData\Local\Programs\Python\Python310;C:\Users\yagna\AppData\Local\Programs\Python\Python310\Scripts;C:\Program Files\Common Files\Oracle\Java\javapath;C:\WINDOWS\system32;C:\WINDOWS;C:\WINDOWS\System32\Wbem;C:\WINDOWS\System32\WindowsPowerShell\v1.0\;C:\WINDOWS\System32\OpenSSH\;C:\Program Files\Git\cmd;C:\Program Files\Java\jdk1.8.0_211\bin;C:\Users\yagna\apache-ant-1.10.12\bin;C:\Program Files\PuTTY\;C:\ProgramData\chocolatey\bin;C:\Program Files\Java\jdk1.8.0_211\bin;C:\Program Files (x86)\Yarn\bin\;C:\Users\yagna\AppData\Roaming\nvm;C:\Program Files\nodejs;C:\Program Files (x86)\Microsoft SQL Server\160\DTS\Binn\;C:\Program Files\Azure Data Studio\bin;C:\Program Files\Microsoft SQL Server\150\Tools\Binn\;C:\Program Files\Microsoft SQL Server\Client SDK\ODBC\170\Tools\Binn\;C:\Program Files\dotnet\;;C:\Program Files\Docker\Docker\resources\bin;C:\Users\yagna\AppData\Local\Programs\Python\Python310\Scripts\;C:\Users\yagna\AppData\Local\Programs\Python\Python310\;C:\Program Files\MySQL\MySQL Shell 8.0\bin\;C:\Users\yagna\AppData\Local\Microsoft\WindowsApps;C:\Program Files\JetBrains\IntelliJ IDEA Community Edition 2022.2.2\bin;;C:\Program Files\JetBrains\PyCharm Community Edition 2022.2.2\bin;;C:\Users\yagna\AppData\Roaming\npm;C:\Program Files (x86)\Yarn\bin;C:\Users\yagna\AppData\Local\Yarn\bin;C:\Users\yagna\AppData\Local\Android\Sdk\platform-tools;C:\Users\yagna\AppData\Roaming\nvm;C:\Program Files\nodejs;C:\Users\yagna\AppData\Local\Programs\Microsoft VS Code\bin;C:\Program Files\Azure Data Studio\bin;C:\Users\yagna\.dotnet\tools;C:\Users\yagna\AppData\Local\Programs\MiKTeX\miktex\bin\x64\;."></property><property name="awt.toolkit.ivy.instance" value="sun.awt.windows.WToolkit"></property><property name="ivy.basedir" value="C:\Users\yagna\Downloads\code\CS680\proxy_design_pattern"></property><property name="sun.management.compiler" value="HotSpot 64-Bit Tiered Compilers"></property><property name="java.ext.dirs.ivy.instance" value="C:\Program Files\Java\jdk1.8.0_211\jre\lib\ext;C:\WINDOWS\Sun\Java\lib\ext"></property><property name="java.awt.graphicsenv" value="sun.awt.Win32GraphicsEnvironment"></property><property name="user.variant" value=""></property><property name="ivy.log.modules.in.use.ivy.instance" value="false"></property><property name="ivy.settings.dir.url.ivy.instance" value="jar:file:/C:/Users/yagna/apache-ant-1.10.12/lib/ivy-2.5.0.jar!/org/apache/ivy/core/settings"></property><property name="sun.os.patch.level.ivy.instance" value=""></property><property name="file.encoding.pkg.ivy.instance" value="sun.io"></property><property name="ivy.shared.default.ivy.pattern" value="[organisation]/[module]/[revision]/[type]s/[artifact].[ext]"></property><property name="ivy.resolver.default.check.modified" value="false"></property><property name="ivy.settings.file.ivy.instance" value="ivysettings.xml"></property><property name="ivy.nb.targets.copied" value="0"></property><property name="ant.project.name" value="FileSystem"></property><property name="src.test" value="test/src"></property><property name="ivy.cache.dir.ivy.instance" value="C:\Users\yagna\.ivy2\cache"></property><property name="java.vm.specification.version" value="1.8"></property><property name="ivy.status.ivy.instance" value="integration"></property><property name="awt.toolkit" value="sun.awt.windows.WToolkit"></property><property name="sun.cpu.isalist" value="amd64"></property><property name="sun.stderr.encoding" value="cp437"></property><property name="file.separator.ivy.instance" value="\"></property><property name="ivy.deps.changed" value="false"></property><property name="ivy.local.default.root.ivy.instance" value="C:\Users\yagna\.ivy2/local"></property><property name="java.ext.dirs" value="C:\Program Files\Java\jdk1.8.0_211\jre\lib\ext;C:\WINDOWS\Sun\Java\lib\ext"></property><property name="os.version" value="10.0"></property><property name="user.home" value="C:\Users\yagna"></property><property name="sun.java.launcher.ivy.instance" value="SUN_STANDARD"></property><property name="java.vm.vendor" value="Oracle Corporation"></property><property name="ivy.local.default.root" value="C:\Users\yagna\.ivy2/local"></property><property name="ivy.organisation" value="cs680"></property><property name="user.dir" value="C:\Users\yagna\Downloads\code\CS680\proxy_design_pattern"></property><property name="ant.library.dir.ivy.instance" value="C:\Users\yagna\apache-ant-1.10.12\lib"></property><property name="ivy.local.default.ivy.pattern" value="[organisation]/[module]/[revision]/[type]s/[artifact].[ext]"></property><property name="ivy.shared.default.ivy.pattern.ivy.instance" value="[organisation]/[module]/[revision]/[type]s/[artifact].[ext]"></property><property name="ivy.publish.src.artifacts.pattern" value="C:\Users\yagna\Downloads\code\CS680\proxy_design_pattern/distrib/[type]s/[artifact]-[revision](-[classifier]).[ext]"></property><property name="java.vm.info.ivy.instance" value="mixed mode"></property><property name="reports.test" value="test/reports"></property><property name="sun.java.command.ivy.instance" value="org.apache.tools.ant.launch.Launcher -cp .; -f .\hw07.xml"></property><property name="ivy.distrib.dir" value="C:\Users\yagna\Downloads\code\CS680\proxy_design_pattern/distrib"></property><property name="sun.cpu.endian" value="little"></property><property name="project" value="hw07"></property><property name="ivy.revision" value="working@Muni"></property><property name="user.timezone.ivy.instance" value="America/New_York"></property><property name="java.vm.version" value="25.211-b12"></property><property name="ivy.default.ivy.user.dir" value="C:\Users\yagna\.ivy2"></property><property name="sun.stderr.encoding.ivy.instance" value="cp437"></property><property name="java.class.path" value="C:\Users\yagna\apache-ant-1.10.12\lib\ant-launcher.jar;C:\Users\yagna\Downloads\code\CS680\proxy_design_pattern\.\;C:\Users\yagna\apache-ant-1.10.12\lib\ant-antlr.jar;C:\Users\yagna\apache-ant-1.10.12\lib\ant-apache-bcel.jar;C:\Users\yagna\apache-ant-1.10.12\lib\ant-apache-bsf.jar;C:\Users\yagna\apache-ant-1.10.12\lib\ant-apache-log4j.jar;C:\Users\yagna\apache-ant-1.10.12\lib\ant-apache-oro.jar;C:\Users\yagna\apache-ant-1.10.12\lib\ant-apache-regexp.jar;C:\Users\yagna\apache-ant-1.10.12\lib\ant-apache-resolver.jar;C:\Users\yagna\apache-ant-1.10.12\lib\ant-apache-xalan2.jar;C:\Users\yagna\apache-ant-1.10.12\lib\ant-commons-logging.jar;C:\Users\yagna\apache-ant-1.10.12\lib\ant-commons-net.jar;C:\Users\yagna\apache-ant-1.10.12\lib\ant-imageio.jar;C:\Users\yagna\apache-ant-1.10.12\lib\ant-jai.jar;C:\Users\yagna\apache-ant-1.10.12\lib\ant-javamail.jar;C:\Users\yagna\apache-ant-1.10.12\lib\ant-jdepend.jar;C:\Users\yagna\apache-ant-1.10.12\lib\ant-jmf.jar;C:\Users\yagna\apache-ant-1.10.12\lib\ant-jsch.jar;C:\Users\yagna\apache-ant-1.10.12\lib\ant-junit.jar;C:\Users\yagna\apache-ant-1.10.12\lib\ant-junit4.jar;C:\Users\yagna\apache-ant-1.10.12\lib\ant-junitlauncher.jar;C:\Users\yagna\apache-ant-1.10.12\lib\ant-launcher.jar;C:\Users\yagna\apache-ant-1.10.12\lib\ant-netrexx.jar;C:\Users\yagna\apache-ant-1.10.12\lib\ant-swing.jar;C:\Users\yagna\apache-ant-1.10.12\lib\ant-testutil.jar;C:\Users\yagna\apache-ant-1.10.12\lib\ant-xz.jar;C:\Users\yagna\apache-ant-1.10.12\lib\ant.jar;C:\Users\yagna\apache-ant-1.10.12\lib\ivy-2.5.0.jar;C:\Program Files\Java\jdk1.8.0_211\lib\tools.jar"></property><property name="user.home.ivy.instance" value="C:\Users\yagna"></property><property name="basedir.ivy.instance" value="C:\Users\yagna\Downloads\code\CS680\proxy_design_pattern"></property><property name="ant.library.dir" value="C:\Users\yagna\apache-ant-1.10.12\lib"></property><property name="os.arch" value="amd64"></property><property name="java.awt.graphicsenv.ivy.instance" value="sun.awt.Win32GraphicsEnvironment"></property><property name="java.vendor.url.bug.ivy.instance" value="http://bugreport.sun.com/bugreport/"></property><property name="java.vm.specification.version.ivy.instance" value="1.8"></property><property name="ant.file.type.FileSystem" value="file"></property><property name="sun.java.launcher" value="SUN_STANDARD"></property><property name="java.awt.printerjob.ivy.instance" value="sun.awt.windows.WPrinterJob"></property><property name="ivy.settings.dir.ivy.instance" value="jar:file:/C:/Users/yagna/apache-ant-1.10.12/lib/ivy-2.5.0.jar!/org/apache/ivy/core/settings"></property><property name="ant.core.lib" value="C:\Users\yagna\apache-ant-1.10.12\lib\ant.jar"></property><property name="ivy.resolver.default.check.modified.ivy.instance" value="false"></property><property name="java.vm.specification.vendor" value="Oracle Corporation"></property><property name="ivy.settings.dir" value="jar:file:/C:/Users/yagna/apache-ant-1.10.12/lib/ivy-2.5.0.jar!/org/apache/ivy/core/settings"></property><property name="file.separator" value="\"></property><property name="user.language.ivy.instance" value="en"></property><property name="ivy.shared.default.artifact.pattern.ivy.instance" value="[organisation]/[module]/[revision]/[type]s/[artifact].[ext]"></property><property name="user.country.ivy.instance" value="US"></property><property name="ivy.conf.url.ivy.instance" value="jar:file:/C:/Users/yagna/apache-ant-1.10.12/lib/ivy-2.5.0.jar!/org/apache/ivy/core/settings/ivysettings.xml"></property><property name="java.runtime.version" value="1.8.0_211-b12"></property><property name="java.specification.name.ivy.instance" value="Java Platform API Specification"></property><property name="test_path" value="test"></property><property name="sun.boot.class.path" value="C:\Program Files\Java\jdk1.8.0_211\jre\lib\resources.jar;C:\Program Files\Java\jdk1.8.0_211\jre\lib\rt.jar;C:\Program Files\Java\jdk1.8.0_211\jre\lib\sunrsasign.jar;C:\Program Files\Java\jdk1.8.0_211\jre\lib\jsse.jar;C:\Program Files\Java\jdk1.8.0_211\jre\lib\jce.jar;C:\Program Files\Java\jdk1.8.0_211\jre\lib\charsets.jar;C:\Program Files\Java\jdk1.8.0_211\jre\lib\jfr.jar;C:\Program Files\Java\jdk1.8.0_211\jre\classes"></property><property name="ivy.conf.dir" value="jar:file:/C:/Users/yagna/apache-ant-1.10.12/lib/ivy-2.5.0.jar!/org/apache/ivy/core/settings"></property><property name="ivy.retrieve.pattern" value="C:\Users\yagna\Downloads\code\CS680\proxy_design_pattern/lib/[artifact]-[revision](-[classifier]).[ext]"></property><property name="user.country" value="US"></property><property name="ivy.shared.default.root" value="C:\Users\yagna\.ivy2/shared"></property><property name="java.version.ivy.instance" value="1.8.0_211"></property><property name="ivy.resolved.file" value="C:\Users\yagna\Downloads\code\CS680\proxy_design_pattern\ivy.xml"></property><property name="sun.stdout.encoding.ivy.instance" value="cp437"></property><property name="src" value="src"></property><property name="os.arch.ivy.instance" value="amd64"></property><property name="java.vendor" value="Oracle Corporation"></property><property name="ivy.project.dir" value="C:\Users\yagna\Downloads\code\CS680\proxy_design_pattern"></property><property name="java.specification.version" value="1.8"></property><property name="sun.arch.data.model" value="64"></property><property name="ivy.buildlist.ivyfilepath" value="ivy.xml"></property></properties><testcase classname="edu.umb.cs680.hw07.DirectoryTest" name="getFilesOfAppsDirectory()" time="0.0"></testcase><testcase classname="edu.umb.cs680.hw07.DirectoryTest" name="getSubDirectoriesForHomeDirectory()" time="0.0"></testcase><testcase classname="edu.umb.cs680.hw07.DirectoryTest" name="isDirectoryOrNot()" time="0.0"></testcase><testcase classname="edu.umb.cs680.hw07.DirectoryTest" name="appendChildAlphaForLibDirectory()" time="0.0"></testcase><testcase classname="edu.umb.cs680.hw07.DirectoryTest" name="getTotalSize()" time="0.028"></testcase><testcase classname="edu.umb.cs680.hw07.DirectoryTest" name="countChildrenForCodeDirectory()" time="0.0"></testcase><testcase classname="edu.umb.cs680.hw07.DirectoryTest" name="getChildrenForHomeDirectory()" time="0.0"></testcase></testsuite>